#
# A fatal error has been detected by the Java Runtime Environment:
#
#  EXCEPTION_ACCESS_VIOLATION (0xc0000005) at pc=0x000007feeb642e5e, pid=6880, tid=2036
#
# JRE version: Java(TM) SE Runtime Environment (11.0.6+8) (build 11.0.6+8-LTS)
# Java VM: Java HotSpot(TM) 64-Bit Server VM (11.0.6+8-LTS, mixed mode, tiered, compressed oops, g1 gc, windows-amd64)
# Problematic frame:
# V  [jvm.dll+0x3e2e5e]
#
# No core dump will be written. Minidumps are not enabled by default on client versions of Windows
#
# If you would like to submit a bug report, please visit:
#   http://bugreport.java.com/bugreport/crash.jsp
#

---------------  S U M M A R Y ------------

Command Line: -agentlib:jdwp=transport=dt_socket,address=127.0.0.1:3001,suspend=y,server=n -XX:TieredStopAtLevel=1 -Xverify:none -Dspring.output.ansi.enabled=always -Dcom.sun.management.jmxremote -Dspring.jmx.enabled=true -Dspring.liveBeansView.mbeanDomain -Dspring.application.admin.enabled=true -javaagent:C:\Users\zsh\.IntelliJIdea2019.3\system\captureAgent\debugger-agent.jar -Dfile.encoding=UTF-8 com.database.dept0319.Dept0319Application

Host: Intel(R) Core(TM) i5-4210M CPU @ 2.60GHz, 4 cores, 7G,  Windows 7 , 64 bit Build 7601 (6.1.7601.24545)
Time: Wed Apr 29 11:55:20 2020 ?D1¨²¡À¨º¡Á?¨º¡À?? elapsed time: 59 seconds (0d 0h 0m 59s)

---------------  T H R E A D  ---------------

Current thread (0x0000000065bff000):  JavaThread "pool-2-thread-1" [_thread_in_vm, id=2036, stack(0x00000000694f0000,0x00000000695f0000)]

Stack: [0x00000000694f0000,0x00000000695f0000],  sp=0x00000000695ee530,  free space=1017k
Native frames: (J=compiled Java code, j=interpreted, Vv=VM code, C=native code)
V  [jvm.dll+0x3e2e5e]
V  [jvm.dll+0x3da7b4]
C  [Jpcap.dll+0x179b]

Java frames: (J=compiled Java code, j=interpreted, Vv=VM code)
j  jpcap.JpcapCaptor.getDeviceList()[Ljpcap/NetworkInterface;+0
j  com.database.dept0319.Thread.Jcap.call()Ljava/lang/Integer;+8
j  com.database.dept0319.Thread.Jcap.call()Ljava/lang/Object;+1
j  java.util.concurrent.FutureTask.run$$$capture()V+39 java.base@11.0.6
j  java.util.concurrent.FutureTask.run()V+5 java.base@11.0.6
j  java.util.concurrent.ThreadPoolExecutor.runWorker(Ljava/util/concurrent/ThreadPoolExecutor$Worker;)V+92 java.base@11.0.6
j  java.util.concurrent.ThreadPoolExecutor$Worker.run()V+5 java.base@11.0.6
j  java.lang.Thread.run()V+11 java.base@11.0.6
v  ~StubRoutines::call_stub

siginfo: EXCEPTION_ACCESS_VIOLATION (0xc0000005), reading address 0x0000008021670820


Register to memory mapping:

RIP=0x000007feeb642e5e jvm.dll
RAX=0x0000008021670820 is an unknown value
RBX=0x0000008021670820 is an unknown value
RCX=0x0000000081b580b0 is an oop: java.io.FileDescriptor 
{0x0000000081b580b0} - klass: 'java/io/FileDescriptor'
RDX=0x0000000000000050 is an unknown value
RSP=0x00000000695ee530 is pointing into the stack for thread: 0x0000000065bff000
RBP=0x0000000065a30e80 points into unknown readable memory: a8 10 e6 87 00 00 00 00
RSI=0x000007feebc55d00 jvm.dll
RDI=0x0000000065bff000 is a thread
R8 =0x0000000062e95028 points into unknown readable memory: 88 32 f8 68 00 00 00 00
R9 =0x0000000065a31478 points into unknown readable memory: 08 44 d4 87 00 00 00 00
R10=0x00000000698694b0 points into unknown readable memory: 5c 44 65 76 69 63 65 5c
R11=
[error occurred during error reporting (printing register info), id 0xc0000005, EXCEPTION_ACCESS_VIOLATION (0xc0000005) at pc=0x000007feeb3fd4f6]

Registers:
RAX=0x0000008021670820, RBX=0x0000008021670820, RCX=0x0000000081b580b0, RDX=0x0000000000000050
RSP=0x00000000695ee530, RBP=0x0000000065a30e80, RSI=0x000007feebc55d00, RDI=0x0000000065bff000
R8 =0x0000000062e95028, R9 =0x0000000065a31478, R10=0x00000000698694b0, R11=0x0000000087d44430
R12=0x0000000065a31460, R13=0x0000000065a31468, R14=0x0000000065bff340, R15=0x0000000069869170
RIP=0x000007feeb642e5e, EFLAGS=0x0000000000010202

Top of Stack: (sp=0x00000000695ee530)
0x00000000695ee530:   0000000065b59728 00000000695ee600
0x00000000695ee540:   0000000087d44408 000007feeb3a0e22
0x00000000695ee550:   0000000065b59728 00000000695ee600
0x00000000695ee560:   0000000065a31460 0000000065bff000
0x00000000695ee570:   0000000065bff000 000007feeb63a7b4
0x00000000695ee580:   0000000065bff000 0000000065a31460
0x00000000695ee590:   0000000065bff000 000007feeb66bb2b
0x00000000695ee5a0:   0000000065bff000 00000000698694b0
0x00000000695ee5b0:   000007feebc55d00 000007feeb365b49
0x00000000695ee5c0:   00000000698694b0 0000000065a31468
0x00000000695ee5d0:   0000000065bff000 0000000000000000
0x00000000695ee5e0:   0000000065bff000 000007feeb64296c
0x00000000695ee5f0:   0000000065bff000 00000000695ef220
0x00000000695ee600:   0000000000000000 0000000065bff340
0x00000000695ee610:   0000000065bff000 0000000000000000
0x00000000695ee620:   0000000065a31410 0000000000000000 

Instructions: (pc=0x000007feeb642e5e)
0x000007feeb642e3e:   73 10 48 8b 74 24 58 48 89 6b 18 48 8b 6c 24 50
0x000007feeb642e4e:   4c 89 73 20 4c 8b 74 24 60 48 83 c4 38 5f 5b c3
0x000007feeb642e5e:   48 8b 00 4c 8b c7 33 d2 48 8b cb ff 90 98 00 00
0x000007feeb642e6e:   00 48 83 7f 08 00 74 09 33 c0 48 83 c4 38 5f 5b 


Stack slot to memory mapping:
stack at sp + 0 slots: 0x0000000065b59728 points into unknown readable memory: 08 44 d4 87 00 00 00 00
stack at sp + 1 slots: 0x00000000695ee600 is pointing into the stack for thread: 0x0000000065bff000
stack at sp + 2 slots: 0x0000000087d44408 is an oop: java.lang.String 
{0x0000000087d44408} - klass: 'java/lang/String'
stack at sp + 3 slots: 0x000007feeb3a0e22 jvm.dll
stack at sp + 4 slots: 0x0000000065b59728 points into unknown readable memory: 08 44 d4 87 00 00 00 00
stack at sp + 5 slots: 0x00000000695ee600 is pointing into the stack for thread: 0x0000000065bff000
stack at sp + 6 slots: 0x0000000065a31460 points into unknown readable memory: 78 43 d4 87 00 00 00 00
stack at sp + 7 slots: 0x0000000065bff000 is a thread


---------------  P R O C E S S  ---------------

Threads class SMR info:
_java_thread_list=0x0000000065429330, length=38, elements={
0x0000000061fac000, 0x0000000061fb6000, 0x0000000061fd6800, 0x0000000061fdb800,
0x0000000061fde800, 0x0000000061fdf800, 0x0000000021418800, 0x0000000062c39800,
0x0000000062c3c000, 0x0000000062c43800, 0x000000006332b000, 0x0000000063584800,
0x00000000656f2000, 0x00000000656e9800, 0x0000000065921000, 0x00000000659ba000,
0x00000000659bd000, 0x00000000659d2800, 0x0000000065bd3800, 0x0000000065bd6000,
0x0000000065bd7000, 0x0000000065bd8000, 0x0000000065bd8800, 0x0000000065bd9800,
0x0000000065bda000, 0x0000000065bdb000, 0x0000000065bdc000, 0x0000000065bdc800,
0x0000000065bdd800, 0x0000000065bde800, 0x0000000065bfc000, 0x0000000065bfc800,
0x0000000065bfd800, 0x0000000065bfe000, 0x0000000065bff000, 0x0000000065c00000,
0x0000000065c00800, 0x0000000065c01800
}

Java Threads: ( => current thread )
  0x0000000061fac000 JavaThread "Reference Handler" daemon [_thread_blocked, id=6424, stack(0x00000000622f0000,0x00000000623f0000)]
  0x0000000061fb6000 JavaThread "Finalizer" daemon [_thread_blocked, id=6232, stack(0x0000000062560000,0x0000000062660000)]
  0x0000000061fd6800 JavaThread "Signal Dispatcher" daemon [_thread_blocked, id=3452, stack(0x0000000062680000,0x0000000062780000)]
  0x0000000061fdb800 JavaThread "Attach Listener" daemon [_thread_blocked, id=2876, stack(0x0000000062440000,0x0000000062540000)]
  0x0000000061fde800 JavaThread "C1 CompilerThread0" daemon [_thread_blocked, id=4684, stack(0x0000000062800000,0x0000000062900000)]
  0x0000000061fdf800 JavaThread "Sweeper thread" daemon [_thread_blocked, id=7984, stack(0x00000000629f0000,0x0000000062af0000)]
  0x0000000021418800 JavaThread "Common-Cleaner" daemon [_thread_blocked, id=7084, stack(0x0000000062f80000,0x0000000063080000)]
  0x0000000062c39800 JavaThread "JDWP Transport Listener: dt_socket" daemon [_thread_blocked, id=6944, stack(0x00000000621e0000,0x00000000622e0000)]
  0x0000000062c3c000 JavaThread "JDWP Event Helper Thread" daemon [_thread_blocked, id=4848, stack(0x00000000630a0000,0x00000000631a0000)]
  0x0000000062c43800 JavaThread "JDWP Command Reader" daemon [_thread_in_native, id=7856, stack(0x0000000063210000,0x0000000063310000)]
  0x000000006332b000 JavaThread "Service Thread" daemon [_thread_blocked, id=1080, stack(0x0000000063bc0000,0x0000000063cc0000)]
  0x0000000063584800 JavaThread "RMI TCP Accept-0" daemon [_thread_in_native, id=6368, stack(0x00000000641e0000,0x00000000642e0000)]
  0x00000000656f2000 JavaThread "RMI TCP Connection(5)-192.168.56.1" daemon [_thread_in_native, id=4692, stack(0x0000000064840000,0x0000000064940000)]
  0x00000000656e9800 JavaThread "RMI Scheduler(0)" daemon [_thread_blocked, id=4360, stack(0x0000000066a50000,0x0000000066b50000)]
  0x0000000065921000 JavaThread "Catalina-utility-1" [_thread_blocked, id=5544, stack(0x0000000066f50000,0x0000000067050000)]
  0x00000000659ba000 JavaThread "Catalina-utility-2" [_thread_blocked, id=5808, stack(0x0000000067080000,0x0000000067180000)]
  0x00000000659bd000 JavaThread "container-0" [_thread_blocked, id=1128, stack(0x00000000671d0000,0x00000000672d0000)]
  0x00000000659d2800 JavaThread "mysql-cj-abandoned-connection-cleanup" daemon [_thread_blocked, id=5668, stack(0x0000000067500000,0x0000000067600000)]
  0x0000000065bd3800 JavaThread "http-nio-80-BlockPoller" daemon [_thread_in_native, id=8040, stack(0x0000000067b80000,0x0000000067c80000)]
  0x0000000065bd6000 JavaThread "http-nio-80-exec-1" daemon [_thread_blocked, id=6244, stack(0x0000000067ca0000,0x0000000067da0000)]
  0x0000000065bd7000 JavaThread "http-nio-80-exec-2" daemon [_thread_blocked, id=7844, stack(0x0000000067e50000,0x0000000067f50000)]
  0x0000000065bd8000 JavaThread "http-nio-80-exec-3" daemon [_thread_blocked, id=3780, stack(0x0000000067a60000,0x0000000067b60000)]
  0x0000000065bd8800 JavaThread "http-nio-80-exec-4" daemon [_thread_blocked, id=2516, stack(0x00000000680e0000,0x00000000681e0000)]
  0x0000000065bd9800 JavaThread "http-nio-80-exec-5" daemon [_thread_blocked, id=6892, stack(0x0000000067f80000,0x0000000068080000)]
  0x0000000065bda000 JavaThread "http-nio-80-exec-6" daemon [_thread_blocked, id=5316, stack(0x0000000068390000,0x0000000068490000)]
  0x0000000065bdb000 JavaThread "http-nio-80-exec-7" daemon [_thread_blocked, id=6804, stack(0x00000000684a0000,0x00000000685a0000)]
  0x0000000065bdc000 JavaThread "http-nio-80-exec-8" daemon [_thread_blocked, id=2496, stack(0x0000000068200000,0x0000000068300000)]
  0x0000000065bdc800 JavaThread "http-nio-80-exec-9" daemon [_thread_blocked, id=5352, stack(0x0000000068720000,0x0000000068820000)]
  0x0000000065bdd800 JavaThread "http-nio-80-exec-10" daemon [_thread_blocked, id=6432, stack(0x0000000068900000,0x0000000068a00000)]
  0x0000000065bde800 JavaThread "http-nio-80-ClientPoller" daemon [_thread_in_native, id=5012, stack(0x00000000685a0000,0x00000000686a0000)]
  0x0000000065bfc000 JavaThread "http-nio-80-Acceptor" daemon [_thread_in_native, id=7536, stack(0x0000000068ae0000,0x0000000068be0000)]
  0x0000000065bfc800 JavaThread "DestroyJavaVM" [_thread_blocked, id=7768, stack(0x00000000021f0000,0x00000000022f0000)]
  0x0000000065bfd800 JavaThread "RMI TCP Connection(idle)" daemon [_thread_blocked, id=1220, stack(0x0000000068da0000,0x0000000068ea0000)]
  0x0000000065bfe000 JavaThread "RMI TCP Connection(idle)" daemon [_thread_blocked, id=1732, stack(0x0000000068c60000,0x0000000068d60000)]
=>0x0000000065bff000 JavaThread "pool-2-thread-1" [_thread_in_vm, id=2036, stack(0x00000000694f0000,0x00000000695f0000)]
  0x0000000065c00000 JavaThread "pool-1-thread-1" [_thread_blocked, id=7684, stack(0x0000000069b40000,0x0000000069c40000)]
  0x0000000065c00800 JavaThread "pool-2-thread-2" [_thread_blocked, id=7740, stack(0x0000000069d20000,0x0000000069e20000)]
  0x0000000065c01800 JavaThread "pool-1-thread-2" [_thread_blocked, id=7552, stack(0x00000000699a0000,0x0000000069aa0000)]

Other Threads:
  0x0000000061f67000 VMThread "VM Thread" [stack: 0x00000000620c0000,0x00000000621c0000] [id=6572]
  0x000000006357b000 WatcherThread [stack: 0x0000000064580000,0x0000000064680000] [id=7108]
  0x00000000004c5000 GCTaskThread "GC Thread#0" [stack: 0x0000000019db0000,0x0000000019eb0000] [id=6568]
  0x00000000635d3000 GCTaskThread "GC Thread#1" [stack: 0x00000000646c0000,0x00000000647c0000] [id=7304]
  0x00000000635d4000 GCTaskThread "GC Thread#2" [stack: 0x0000000064970000,0x0000000064a70000] [id=3048]
  0x000000006518b800 GCTaskThread "GC Thread#3" [stack: 0x0000000066330000,0x0000000066430000] [id=4248]
  0x00000000004f6000 ConcurrentGCThread "G1 Main Marker" [stack: 0x000000001ec30000,0x000000001ed30000] [id=408]
  0x00000000004f8000 ConcurrentGCThread "G1 Conc#0" [stack: 0x000000001ee00000,0x000000001ef00000] [id=4300]
  0x00000000213a3800 ConcurrentGCThread "G1 Refine#0" [stack: 0x0000000021570000,0x0000000021670000] [id=2776]
  0x00000000213a4800 ConcurrentGCThread "G1 Young RemSet Sampling" [stack: 0x0000000021460000,0x0000000021560000] [id=6188]

Threads with active compile tasks:

VM state:not at safepoint (normal execution)

VM Mutex/Monitor currently owned by a thread: None

Heap address: 0x0000000081a00000, size: 2022 MB, Compressed Oops mode: 32-bit
Narrow klass base: 0x0000000000000000, Narrow klass shift: 0
Compressed class space size: 1073741824 Address: 0x0000000021670000

Heap:
 garbage-first heap   total 157696K, used 69362K [0x0000000081a00000, 0x0000000100000000)
  region size 1024K, 64 young (65536K), 8 survivors (8192K)
 Metaspace       used 42132K, capacity 43415K, committed 43548K, reserved 1087488K
  class space    used 5230K, capacity 5720K, committed 5760K, reserved 1048576K
Heap Regions: E=young(eden), S=young(survivor), O=old, HS=humongous(starts), HC=humongous(continues), CS=collection set, F=free, A=archive, TAMS=top-at-mark-start (previous, next)
|   0|0x0000000081a00000, 0x0000000081b00000, 0x0000000081b00000|100%| O|  |TAMS 0x0000000081b00000, 0x0000000081a00000| Untracked 
|   1|0x0000000081b00000, 0x0000000081c00000, 0x0000000081c00000|100%| O|  |TAMS 0x0000000081c00000, 0x0000000081b00000| Untracked 
|   2|0x0000000081c00000, 0x0000000081d00000, 0x0000000081d00000|100%| O|  |TAMS 0x0000000081d00000, 0x0000000081c00000| Untracked 
|   3|0x0000000081d00000, 0x0000000081e00000, 0x0000000081e00000|100%| O|  |TAMS 0x0000000081e00000, 0x0000000081d00000| Untracked 
|   4|0x0000000081e00000, 0x0000000081f00000, 0x0000000081f00000|100%| O|  |TAMS 0x0000000081f00000, 0x0000000081e00000| Untracked 
|   5|0x0000000081f00000, 0x0000000081f41600, 0x0000000082000000| 25%| O|  |TAMS 0x0000000081f41600, 0x0000000081f00000| Untracked 
|   6|0x0000000082000000, 0x0000000082000000, 0x0000000082100000|  0%| F|  |TAMS 0x0000000082000000, 0x0000000082000000| Untracked 
|   7|0x0000000082100000, 0x0000000082100000, 0x0000000082200000|  0%| F|  |TAMS 0x0000000082100000, 0x0000000082100000| Untracked 
|   8|0x0000000082200000, 0x0000000082200000, 0x0000000082300000|  0%| F|  |TAMS 0x0000000082200000, 0x0000000082200000| Untracked 
|   9|0x0000000082300000, 0x0000000082300000, 0x0000000082400000|  0%| F|  |TAMS 0x0000000082300000, 0x0000000082300000| Untracked 
|  10|0x0000000082400000, 0x0000000082400000, 0x0000000082500000|  0%| F|  |TAMS 0x0000000082400000, 0x0000000082400000| Untracked 
|  11|0x0000000082500000, 0x0000000082500000, 0x0000000082600000|  0%| F|  |TAMS 0x0000000082500000, 0x0000000082500000| Untracked 
|  12|0x0000000082600000, 0x0000000082600000, 0x0000000082700000|  0%| F|  |TAMS 0x0000000082600000, 0x0000000082600000| Untracked 
|  13|0x0000000082700000, 0x0000000082700000, 0x0000000082800000|  0%| F|  |TAMS 0x0000000082700000, 0x0000000082700000| Untracked 
|  14|0x0000000082800000, 0x0000000082800000, 0x0000000082900000|  0%| F|  |TAMS 0x0000000082800000, 0x0000000082800000| Untracked 
|  15|0x0000000082900000, 0x0000000082900000, 0x0000000082a00000|  0%| F|  |TAMS 0x0000000082900000, 0x0000000082900000| Untracked 
|  16|0x0000000082a00000, 0x0000000082a00000, 0x0000000082b00000|  0%| F|  |TAMS 0x0000000082a00000, 0x0000000082a00000| Untracked 
|  17|0x0000000082b00000, 0x0000000082b00000, 0x0000000082c00000|  0%| F|  |TAMS 0x0000000082b00000, 0x0000000082b00000| Untracked 
|  18|0x0000000082c00000, 0x0000000082c00000, 0x0000000082d00000|  0%| F|  |TAMS 0x0000000082c00000, 0x0000000082c00000| Untracked 
|  19|0x0000000082d00000, 0x0000000082d00000, 0x0000000082e00000|  0%| F|  |TAMS 0x0000000082d00000, 0x0000000082d00000| Untracked 
|  20|0x0000000082e00000, 0x0000000082e00000, 0x0000000082f00000|  0%| F|  |TAMS 0x0000000082e00000, 0x0000000082e00000| Untracked 
|  21|0x0000000082f00000, 0x0000000082f00000, 0x0000000083000000|  0%| F|  |TAMS 0x0000000082f00000, 0x0000000082f00000| Untracked 
|  22|0x0000000083000000, 0x0000000083000000, 0x0000000083100000|  0%| F|  |TAMS 0x0000000083000000, 0x0000000083000000| Untracked 
|  23|0x0000000083100000, 0x0000000083100000, 0x0000000083200000|  0%| F|  |TAMS 0x0000000083100000, 0x0000000083100000| Untracked 
|  24|0x0000000083200000, 0x0000000083200000, 0x0000000083300000|  0%| F|  |TAMS 0x0000000083200000, 0x0000000083200000| Untracked 
|  25|0x0000000083300000, 0x0000000083300000, 0x0000000083400000|  0%| F|  |TAMS 0x0000000083300000, 0x0000000083300000| Untracked 
|  26|0x0000000083400000, 0x0000000083400000, 0x0000000083500000|  0%| F|  |TAMS 0x0000000083400000, 0x0000000083400000| Untracked 
|  27|0x0000000083500000, 0x0000000083500000, 0x0000000083600000|  0%| F|  |TAMS 0x0000000083500000, 0x0000000083500000| Untracked 
|  28|0x0000000083600000, 0x0000000083600000, 0x0000000083700000|  0%| F|  |TAMS 0x0000000083600000, 0x0000000083600000| Untracked 
|  29|0x0000000083700000, 0x0000000083700000, 0x0000000083800000|  0%| F|  |TAMS 0x0000000083700000, 0x0000000083700000| Untracked 
|  30|0x0000000083800000, 0x0000000083800000, 0x0000000083900000|  0%| F|  |TAMS 0x0000000083800000, 0x0000000083800000| Untracked 
|  31|0x0000000083900000, 0x0000000083900000, 0x0000000083a00000|  0%| F|  |TAMS 0x0000000083900000, 0x0000000083900000| Untracked 
|  32|0x0000000083a00000, 0x0000000083a00000, 0x0000000083b00000|  0%| F|  |TAMS 0x0000000083a00000, 0x0000000083a00000| Untracked 
|  33|0x0000000083b00000, 0x0000000083b00000, 0x0000000083c00000|  0%| F|  |TAMS 0x0000000083b00000, 0x0000000083b00000| Untracked 
|  34|0x0000000083c00000, 0x0000000083c00000, 0x0000000083d00000|  0%| F|  |TAMS 0x0000000083c00000, 0x0000000083c00000| Untracked 
|  35|0x0000000083d00000, 0x0000000083d00000, 0x0000000083e00000|  0%| F|  |TAMS 0x0000000083d00000, 0x0000000083d00000| Untracked 
|  36|0x0000000083e00000, 0x0000000083e00000, 0x0000000083f00000|  0%| F|  |TAMS 0x0000000083e00000, 0x0000000083e00000| Untracked 
|  37|0x0000000083f00000, 0x0000000083f00000, 0x0000000084000000|  0%| F|  |TAMS 0x0000000083f00000, 0x0000000083f00000| Untracked 
|  38|0x0000000084000000, 0x0000000084000000, 0x0000000084100000|  0%| F|  |TAMS 0x0000000084000000, 0x0000000084000000| Untracked 
|  39|0x0000000084100000, 0x0000000084100000, 0x0000000084200000|  0%| F|  |TAMS 0x0000000084100000, 0x0000000084100000| Untracked 
|  40|0x0000000084200000, 0x0000000084200000, 0x0000000084300000|  0%| F|  |TAMS 0x0000000084200000, 0x0000000084200000| Untracked 
|  41|0x0000000084300000, 0x0000000084300000, 0x0000000084400000|  0%| F|  |TAMS 0x0000000084300000, 0x0000000084300000| Untracked 
|  42|0x0000000084400000, 0x0000000084400000, 0x0000000084500000|  0%| F|  |TAMS 0x0000000084400000, 0x0000000084400000| Untracked 
|  43|0x0000000084500000, 0x0000000084500000, 0x0000000084600000|  0%| F|  |TAMS 0x0000000084500000, 0x0000000084500000| Untracked 
|  44|0x0000000084600000, 0x0000000084600000, 0x0000000084700000|  0%| F|  |TAMS 0x0000000084600000, 0x0000000084600000| Untracked 
|  45|0x0000000084700000, 0x0000000084700000, 0x0000000084800000|  0%| F|  |TAMS 0x0000000084700000, 0x0000000084700000| Untracked 
|  46|0x0000000084800000, 0x0000000084800000, 0x0000000084900000|  0%| F|  |TAMS 0x0000000084800000, 0x0000000084800000| Untracked 
|  47|0x0000000084900000, 0x0000000084900000, 0x0000000084a00000|  0%| F|  |TAMS 0x0000000084900000, 0x0000000084900000| Untracked 
|  48|0x0000000084a00000, 0x0000000084a00000, 0x0000000084b00000|  0%| F|  |TAMS 0x0000000084a00000, 0x0000000084a00000| Untracked 
|  49|0x0000000084b00000, 0x0000000084b00000, 0x0000000084c00000|  0%| F|  |TAMS 0x0000000084b00000, 0x0000000084b00000| Untracked 
|  50|0x0000000084c00000, 0x0000000084c00000, 0x0000000084d00000|  0%| F|  |TAMS 0x0000000084c00000, 0x0000000084c00000| Untracked 
|  51|0x0000000084d00000, 0x0000000084d00000, 0x0000000084e00000|  0%| F|  |TAMS 0x0000000084d00000, 0x0000000084d00000| Untracked 
|  52|0x0000000084e00000, 0x0000000084e00000, 0x0000000084f00000|  0%| F|  |TAMS 0x0000000084e00000, 0x0000000084e00000| Untracked 
|  53|0x0000000084f00000, 0x0000000084f00000, 0x0000000085000000|  0%| F|  |TAMS 0x0000000084f00000, 0x0000000084f00000| Untracked 
|  54|0x0000000085000000, 0x0000000085000000, 0x0000000085100000|  0%| F|  |TAMS 0x0000000085000000, 0x0000000085000000| Untracked 
|  55|0x0000000085100000, 0x0000000085100000, 0x0000000085200000|  0%| F|  |TAMS 0x0000000085100000, 0x0000000085100000| Untracked 
|  56|0x0000000085200000, 0x0000000085200000, 0x0000000085300000|  0%| F|  |TAMS 0x0000000085200000, 0x0000000085200000| Untracked 
|  57|0x0000000085300000, 0x0000000085300000, 0x0000000085400000|  0%| F|  |TAMS 0x0000000085300000, 0x0000000085300000| Untracked 
|  58|0x0000000085400000, 0x0000000085400000, 0x0000000085500000|  0%| F|  |TAMS 0x0000000085400000, 0x0000000085400000| Untracked 
|  59|0x0000000085500000, 0x0000000085500000, 0x0000000085600000|  0%| F|  |TAMS 0x0000000085500000, 0x0000000085500000| Untracked 
|  60|0x0000000085600000, 0x0000000085600000, 0x0000000085700000|  0%| F|  |TAMS 0x0000000085600000, 0x0000000085600000| Untracked 
|  61|0x0000000085700000, 0x0000000085700000, 0x0000000085800000|  0%| F|  |TAMS 0x0000000085700000, 0x0000000085700000| Untracked 
|  62|0x0000000085800000, 0x0000000085800000, 0x0000000085900000|  0%| F|  |TAMS 0x0000000085800000, 0x0000000085800000| Untracked 
|  63|0x0000000085900000, 0x0000000085900000, 0x0000000085a00000|  0%| F|  |TAMS 0x0000000085900000, 0x0000000085900000| Untracked 
|  64|0x0000000085a00000, 0x0000000085a00000, 0x0000000085b00000|  0%| F|  |TAMS 0x0000000085a00000, 0x0000000085a00000| Untracked 
|  65|0x0000000085b00000, 0x0000000085b00000, 0x0000000085c00000|  0%| F|  |TAMS 0x0000000085b00000, 0x0000000085b00000| Untracked 
|  66|0x0000000085c00000, 0x0000000085c00000, 0x0000000085d00000|  0%| F|  |TAMS 0x0000000085c00000, 0x0000000085c00000| Untracked 
|  67|0x0000000085d00000, 0x0000000085d00000, 0x0000000085e00000|  0%| F|  |TAMS 0x0000000085d00000, 0x0000000085d00000| Untracked 
|  68|0x0000000085e00000, 0x0000000085e00000, 0x0000000085f00000|  0%| F|  |TAMS 0x0000000085e00000, 0x0000000085e00000| Untracked 
|  69|0x0000000085f00000, 0x0000000085f00000, 0x0000000086000000|  0%| F|  |TAMS 0x0000000085f00000, 0x0000000085f00000| Untracked 
|  70|0x0000000086000000, 0x0000000086000000, 0x0000000086100000|  0%| F|  |TAMS 0x0000000086000000, 0x0000000086000000| Untracked 
|  71|0x0000000086100000, 0x0000000086100000, 0x0000000086200000|  0%| F|  |TAMS 0x0000000086100000, 0x0000000086100000| Untracked 
|  72|0x0000000086200000, 0x000000008627b3c0, 0x0000000086300000| 48%| S|CS|TAMS 0x0000000086200000, 0x0000000086200000| Complete 
|  73|0x0000000086300000, 0x0000000086400000, 0x0000000086400000|100%| S|CS|TAMS 0x0000000086300000, 0x0000000086300000| Complete 
|  74|0x0000000086400000, 0x0000000086500000, 0x0000000086500000|100%| S|CS|TAMS 0x0000000086400000, 0x0000000086400000| Complete 
|  75|0x0000000086500000, 0x0000000086600000, 0x0000000086600000|100%| S|CS|TAMS 0x0000000086500000, 0x0000000086500000| Complete 
|  76|0x0000000086600000, 0x0000000086700000, 0x0000000086700000|100%| S|CS|TAMS 0x0000000086600000, 0x0000000086600000| Complete 
|  77|0x0000000086700000, 0x0000000086800000, 0x0000000086800000|100%| S|CS|TAMS 0x0000000086700000, 0x0000000086700000| Complete 
|  78|0x0000000086800000, 0x0000000086900000, 0x0000000086900000|100%| S|CS|TAMS 0x0000000086800000, 0x0000000086800000| Complete 
|  79|0x0000000086900000, 0x0000000086a00000, 0x0000000086a00000|100%| S|CS|TAMS 0x0000000086900000, 0x0000000086900000| Complete 
|  80|0x0000000086a00000, 0x0000000086a00000, 0x0000000086b00000|  0%| F|  |TAMS 0x0000000086a00000, 0x0000000086a00000| Untracked 
|  81|0x0000000086b00000, 0x0000000086b00000, 0x0000000086c00000|  0%| F|  |TAMS 0x0000000086b00000, 0x0000000086b00000| Untracked 
|  82|0x0000000086c00000, 0x0000000086c00000, 0x0000000086d00000|  0%| F|  |TAMS 0x0000000086c00000, 0x0000000086c00000| Untracked 
|  83|0x0000000086d00000, 0x0000000086d00000, 0x0000000086e00000|  0%| F|  |TAMS 0x0000000086d00000, 0x0000000086d00000| Untracked 
|  84|0x0000000086e00000, 0x0000000086e00000, 0x0000000086f00000|  0%| F|  |TAMS 0x0000000086e00000, 0x0000000086e00000| Untracked 
|  85|0x0000000086f00000, 0x0000000086f00000, 0x0000000087000000|  0%| F|  |TAMS 0x0000000086f00000, 0x0000000086f00000| Untracked 
|  86|0x0000000087000000, 0x0000000087000000, 0x0000000087100000|  0%| F|  |TAMS 0x0000000087000000, 0x0000000087000000| Untracked 
|  87|0x0000000087100000, 0x0000000087100000, 0x0000000087200000|  0%| F|  |TAMS 0x0000000087100000, 0x0000000087100000| Untracked 
|  88|0x0000000087200000, 0x0000000087200000, 0x0000000087300000|  0%| F|  |TAMS 0x0000000087200000, 0x0000000087200000| Untracked 
|  89|0x0000000087300000, 0x0000000087300000, 0x0000000087400000|  0%| F|  |TAMS 0x0000000087300000, 0x0000000087300000| Untracked 
|  90|0x0000000087400000, 0x0000000087400000, 0x0000000087500000|  0%| F|  |TAMS 0x0000000087400000, 0x0000000087400000| Untracked 
|  91|0x0000000087500000, 0x0000000087500000, 0x0000000087600000|  0%| F|  |TAMS 0x0000000087500000, 0x0000000087500000| Untracked 
|  92|0x0000000087600000, 0x0000000087600000, 0x0000000087700000|  0%| F|  |TAMS 0x0000000087600000, 0x0000000087600000| Untracked 
|  93|0x0000000087700000, 0x0000000087700000, 0x0000000087800000|  0%| F|  |TAMS 0x0000000087700000, 0x0000000087700000| Untracked 
|  94|0x0000000087800000, 0x0000000087800000, 0x0000000087900000|  0%| F|  |TAMS 0x0000000087800000, 0x0000000087800000| Untracked 
|  95|0x0000000087900000, 0x0000000087900000, 0x0000000087a00000|  0%| F|  |TAMS 0x0000000087900000, 0x0000000087900000| Untracked 
|  96|0x0000000087a00000, 0x0000000087a00000, 0x0000000087b00000|  0%| F|  |TAMS 0x0000000087a00000, 0x0000000087a00000| Untracked 
|  97|0x0000000087b00000, 0x0000000087b00000, 0x0000000087c00000|  0%| F|  |TAMS 0x0000000087b00000, 0x0000000087b00000| Untracked 
|  98|0x0000000087c00000, 0x0000000087c00800, 0x0000000087d00000|  0%| E|  |TAMS 0x0000000087c00000, 0x0000000087c00000| Complete 
|  99|0x0000000087d00000, 0x0000000087e00000, 0x0000000087e00000|100%| E|CS|TAMS 0x0000000087d00000, 0x0000000087d00000| Complete 
| 100|0x0000000087e00000, 0x0000000087f00000, 0x0000000087f00000|100%| E|CS|TAMS 0x0000000087e00000, 0x0000000087e00000| Complete 
| 101|0x0000000087f00000, 0x0000000088000000, 0x0000000088000000|100%| E|CS|TAMS 0x0000000087f00000, 0x0000000087f00000| Complete 
| 102|0x0000000088000000, 0x0000000088100000, 0x0000000088100000|100%| E|CS|TAMS 0x0000000088000000, 0x0000000088000000| Complete 
| 103|0x0000000088100000, 0x0000000088200000, 0x0000000088200000|100%| E|CS|TAMS 0x0000000088100000, 0x0000000088100000| Complete 
| 104|0x0000000088200000, 0x0000000088300000, 0x0000000088300000|100%| E|CS|TAMS 0x0000000088200000, 0x0000000088200000| Complete 
| 105|0x0000000088300000, 0x0000000088400000, 0x0000000088400000|100%| E|CS|TAMS 0x0000000088300000, 0x0000000088300000| Complete 
| 106|0x0000000088400000, 0x0000000088500000, 0x0000000088500000|100%| E|CS|TAMS 0x0000000088400000, 0x0000000088400000| Complete 
| 107|0x0000000088500000, 0x0000000088600000, 0x0000000088600000|100%| E|CS|TAMS 0x0000000088500000, 0x0000000088500000| Complete 
| 108|0x0000000088600000, 0x0000000088700000, 0x0000000088700000|100%| E|CS|TAMS 0x0000000088600000, 0x0000000088600000| Complete 
| 109|0x0000000088700000, 0x0000000088800000, 0x0000000088800000|100%| E|CS|TAMS 0x0000000088700000, 0x0000000088700000| Complete 
| 110|0x0000000088800000, 0x0000000088900000, 0x0000000088900000|100%| E|CS|TAMS 0x0000000088800000, 0x0000000088800000| Complete 
| 111|0x0000000088900000, 0x0000000088a00000, 0x0000000088a00000|100%| E|CS|TAMS 0x0000000088900000, 0x0000000088900000| Complete 
| 112|0x0000000088a00000, 0x0000000088b00000, 0x0000000088b00000|100%| E|CS|TAMS 0x0000000088a00000, 0x0000000088a00000| Complete 
| 113|0x0000000088b00000, 0x0000000088c00000, 0x0000000088c00000|100%| E|CS|TAMS 0x0000000088b00000, 0x0000000088b00000| Complete 
| 114|0x0000000088c00000, 0x0000000088d00000, 0x0000000088d00000|100%| E|CS|TAMS 0x0000000088c00000, 0x0000000088c00000| Complete 
| 115|0x0000000088d00000, 0x0000000088e00000, 0x0000000088e00000|100%| E|CS|TAMS 0x0000000088d00000, 0x0000000088d00000| Complete 
| 116|0x0000000088e00000, 0x0000000088f00000, 0x0000000088f00000|100%| E|CS|TAMS 0x0000000088e00000, 0x0000000088e00000| Complete 
| 117|0x0000000088f00000, 0x0000000089000000, 0x0000000089000000|100%| E|CS|TAMS 0x0000000088f00000, 0x0000000088f00000| Complete 
| 118|0x0000000089000000, 0x0000000089100000, 0x0000000089100000|100%| E|CS|TAMS 0x0000000089000000, 0x0000000089000000| Complete 
| 119|0x0000000089100000, 0x0000000089200000, 0x0000000089200000|100%| E|CS|TAMS 0x0000000089100000, 0x0000000089100000| Complete 
| 120|0x0000000089200000, 0x0000000089300000, 0x0000000089300000|100%| E|CS|TAMS 0x0000000089200000, 0x0000000089200000| Complete 
| 121|0x0000000089300000, 0x0000000089400000, 0x0000000089400000|100%| E|CS|TAMS 0x0000000089300000, 0x0000000089300000| Complete 
| 122|0x0000000089400000, 0x0000000089500000, 0x0000000089500000|100%| E|CS|TAMS 0x0000000089400000, 0x0000000089400000| Complete 
| 123|0x0000000089500000, 0x0000000089600000, 0x0000000089600000|100%| E|CS|TAMS 0x0000000089500000, 0x0000000089500000| Complete 
| 124|0x0000000089600000, 0x0000000089700000, 0x0000000089700000|100%| E|CS|TAMS 0x0000000089600000, 0x0000000089600000| Complete 
| 125|0x0000000089700000, 0x0000000089800000, 0x0000000089800000|100%| E|CS|TAMS 0x0000000089700000, 0x0000000089700000| Complete 
| 126|0x0000000089800000, 0x0000000089900000, 0x0000000089900000|100%| E|CS|TAMS 0x0000000089800000, 0x0000000089800000| Complete 
| 127|0x0000000089900000, 0x0000000089a00000, 0x0000000089a00000|100%| E|CS|TAMS 0x0000000089900000, 0x0000000089900000| Complete 
| 128|0x0000000089a00000, 0x0000000089b00000, 0x0000000089b00000|100%| E|CS|TAMS 0x0000000089a00000, 0x0000000089a00000| Complete 
| 129|0x0000000089b00000, 0x0000000089c00000, 0x0000000089c00000|100%| E|CS|TAMS 0x0000000089b00000, 0x0000000089b00000| Complete 
| 130|0x0000000089c00000, 0x0000000089d00000, 0x0000000089d00000|100%| E|CS|TAMS 0x0000000089c00000, 0x0000000089c00000| Complete 
| 131|0x0000000089d00000, 0x0000000089e00000, 0x0000000089e00000|100%| E|CS|TAMS 0x0000000089d00000, 0x0000000089d00000| Complete 
| 132|0x0000000089e00000, 0x0000000089f00000, 0x0000000089f00000|100%| E|CS|TAMS 0x0000000089e00000, 0x0000000089e00000| Complete 
| 133|0x0000000089f00000, 0x000000008a000000, 0x000000008a000000|100%| E|CS|TAMS 0x0000000089f00000, 0x0000000089f00000| Complete 
| 134|0x000000008a000000, 0x000000008a100000, 0x000000008a100000|100%| E|CS|TAMS 0x000000008a000000, 0x000000008a000000| Complete 
| 135|0x000000008a100000, 0x000000008a200000, 0x000000008a200000|100%| E|CS|TAMS 0x000000008a100000, 0x000000008a100000| Complete 
| 136|0x000000008a200000, 0x000000008a300000, 0x000000008a300000|100%| E|CS|TAMS 0x000000008a200000, 0x000000008a200000| Complete 
| 137|0x000000008a300000, 0x000000008a400000, 0x000000008a400000|100%| E|CS|TAMS 0x000000008a300000, 0x000000008a300000| Complete 
| 138|0x000000008a400000, 0x000000008a500000, 0x000000008a500000|100%| E|CS|TAMS 0x000000008a400000, 0x000000008a400000| Complete 
| 139|0x000000008a500000, 0x000000008a600000, 0x000000008a600000|100%| E|CS|TAMS 0x000000008a500000, 0x000000008a500000| Complete 
| 140|0x000000008a600000, 0x000000008a700000, 0x000000008a700000|100%| E|CS|TAMS 0x000000008a600000, 0x000000008a600000| Complete 
| 141|0x000000008a700000, 0x000000008a800000, 0x000000008a800000|100%| E|CS|TAMS 0x000000008a700000, 0x000000008a700000| Complete 
| 142|0x000000008a800000, 0x000000008a900000, 0x000000008a900000|100%| E|CS|TAMS 0x000000008a800000, 0x000000008a800000| Complete 
| 143|0x000000008a900000, 0x000000008aa00000, 0x000000008aa00000|100%| E|CS|TAMS 0x000000008a900000, 0x000000008a900000| Complete 
| 144|0x000000008aa00000, 0x000000008ab00000, 0x000000008ab00000|100%| E|CS|TAMS 0x000000008aa00000, 0x000000008aa00000| Complete 
| 145|0x000000008ab00000, 0x000000008ac00000, 0x000000008ac00000|100%| E|CS|TAMS 0x000000008ab00000, 0x000000008ab00000| Complete 
| 146|0x000000008ac00000, 0x000000008ad00000, 0x000000008ad00000|100%| E|CS|TAMS 0x000000008ac00000, 0x000000008ac00000| Complete 
| 147|0x000000008ad00000, 0x000000008ae00000, 0x000000008ae00000|100%| E|CS|TAMS 0x000000008ad00000, 0x000000008ad00000| Complete 
| 148|0x000000008ae00000, 0x000000008af00000, 0x000000008af00000|100%| E|CS|TAMS 0x000000008ae00000, 0x000000008ae00000| Complete 
| 149|0x000000008af00000, 0x000000008b000000, 0x000000008b000000|100%| E|CS|TAMS 0x000000008af00000, 0x000000008af00000| Complete 
| 150|0x000000008b000000, 0x000000008b100000, 0x000000008b100000|100%| E|CS|TAMS 0x000000008b000000, 0x000000008b000000| Complete 
| 151|0x000000008b100000, 0x000000008b200000, 0x000000008b200000|100%| E|CS|TAMS 0x000000008b100000, 0x000000008b100000| Complete 
| 152|0x000000008b200000, 0x000000008b300000, 0x000000008b300000|100%| E|CS|TAMS 0x000000008b200000, 0x000000008b200000| Complete 
| 153|0x000000008b300000, 0x000000008b400000, 0x000000008b400000|100%| E|CS|TAMS 0x000000008b300000, 0x000000008b300000| Complete 

Card table byte_map: [0x000000001a4d0000,0x000000001a8d0000] _byte_map_base: 0x000000001a0c3000

Marking Bits (Prev, Next): (CMBitMap*) 0x00000000004ed2b8, (CMBitMap*) 0x00000000004ed2f0
 Prev Bits: [0x000000001acd0000, 0x000000001cc68000)
 Next Bits: [0x000000001cc70000, 0x000000001ec08000)

Polling page: 0x00000000003b0000

Metaspace:

Usage:
  Non-class:     36.81 MB capacity,    36.04 MB ( 98%) used,   645.94 KB (  2%) free+waste,   147.19 KB ( <1%) overhead. 
      Class:      5.59 MB capacity,     5.11 MB ( 91%) used,   418.52 KB (  7%) free+waste,    71.19 KB (  1%) overhead. 
       Both:     42.40 MB capacity,    41.14 MB ( 97%) used,     1.04 MB (  2%) free+waste,   218.38 KB ( <1%) overhead. 

Virtual space:
  Non-class space:       38.00 MB reserved,      36.90 MB ( 97%) committed 
      Class space:        1.00 GB reserved,       5.63 MB ( <1%) committed 
             Both:        1.04 GB reserved,      42.53 MB (  4%) committed 

Chunk freelists:
   Non-Class:  3.63 KB
       Class:  1.00 KB
        Both:  4.63 KB

CodeHeap 'non-profiled nmethods': size=238912Kb used=6422Kb max_used=6508Kb free=232489Kb
 bounds [0x000000000b160000, 0x000000000b7c0000, 0x0000000019ab0000]
CodeHeap 'non-nmethods': size=6848Kb used=1271Kb max_used=1271Kb free=5576Kb
 bounds [0x000000000aab0000, 0x000000000ad20000, 0x000000000b160000]
 total_blobs=4412 nmethods=3810 adapters=474
 compilation: enabled
              stopped_count=0, restarted_count=0
 full_count=0

Compilation events (10 events):
Event: 45.549 Thread 0x0000000061fde800 3851   !   1       java.io.ObjectInputStream::readObject0 (671 bytes)
Event: 45.553 Thread 0x0000000061fde800 nmethod 3851 0x000000000b7b5490 code [0x000000000b7b5b00, 0x000000000b7b7aa0]
Event: 45.553 Thread 0x0000000061fde800 3852       1       java.io.ObjectInputStream$HandleTable::markDependency (175 bytes)
Event: 45.554 Thread 0x0000000061fde800 nmethod 3852 0x000000000b7b9990 code [0x000000000b7b9bc0, 0x000000000b7ba1b0]
Event: 51.195 Thread 0x0000000061fde800 3853       1       java.util.concurrent.ScheduledThreadPoolExecutor$ScheduledFutureTask::compareTo (9 bytes)
Event: 51.195 Thread 0x0000000061fde800 nmethod 3853 0x000000000b7ba510 code [0x000000000b7ba6c0, 0x000000000b7ba850]
Event: 51.195 Thread 0x0000000061fde800 3854       1       java.util.concurrent.ScheduledThreadPoolExecutor$ScheduledFutureTask::compareTo (101 bytes)
Event: 51.195 Thread 0x0000000061fde800 nmethod 3854 0x000000000b7ba910 code [0x000000000b7bab00, 0x000000000b7baee0]
Event: 54.433 Thread 0x0000000061fde800 3855       1       java.util.concurrent.locks.AbstractQueuedSynchronizer::acquire (27 bytes)
Event: 54.434 Thread 0x0000000061fde800 nmethod 3855 0x000000000b329e90 code [0x000000000b32a060, 0x000000000b32a240]

GC Heap History (10 events):
Event: 1.977 GC heap before
{Heap before GC invocations=1 (full 0):
 garbage-first heap   total 131072K, used 16484K [0x0000000081a00000, 0x0000000100000000)
  region size 1024K, 14 young (14336K), 2 survivors (2048K)
 Metaspace       used 14530K, capacity 14851K, committed 14976K, reserved 1062912K
  class space    used 1513K, capacity 1634K, committed 1664K, reserved 1048576K
}
Event: 1.985 GC heap after
{Heap after GC invocations=2 (full 0):
 garbage-first heap   total 131072K, used 5593K [0x0000000081a00000, 0x0000000100000000)
  region size 1024K, 2 young (2048K), 2 survivors (2048K)
 Metaspace       used 14530K, capacity 14851K, committed 14976K, reserved 1062912K
  class space    used 1513K, capacity 1634K, committed 1664K, reserved 1048576K
}
Event: 2.397 GC heap before
{Heap before GC invocations=2 (full 0):
 garbage-first heap   total 131072K, used 35289K [0x0000000081a00000, 0x0000000100000000)
  region size 1024K, 32 young (32768K), 2 survivors (2048K)
 Metaspace       used 19691K, capacity 20224K, committed 20480K, reserved 1067008K
  class space    used 2310K, capacity 2495K, committed 2560K, reserved 1048576K
}
Event: 2.403 GC heap after
{Heap after GC invocations=3 (full 0):
 garbage-first heap   total 131072K, used 7294K [0x0000000081a00000, 0x0000000100000000)
  region size 1024K, 4 young (4096K), 4 survivors (4096K)
 Metaspace       used 19691K, capacity 20224K, committed 20480K, reserved 1067008K
  class space    used 2310K, capacity 2495K, committed 2560K, reserved 1048576K
}
Event: 2.454 GC heap before
{Heap before GC invocations=3 (full 0):
 garbage-first heap   total 131072K, used 12414K [0x0000000081a00000, 0x0000000100000000)
  region size 1024K, 10 young (10240K), 4 survivors (4096K)
 Metaspace       used 20584K, capacity 21141K, committed 21296K, reserved 1069056K
  class space    used 2420K, capacity 2629K, committed 2688K, reserved 1048576K
}
Event: 2.462 GC heap after
{Heap after GC invocations=4 (full 0):
 garbage-first heap   total 131072K, used 7288K [0x0000000081a00000, 0x0000000100000000)
  region size 1024K, 4 young (4096K), 4 survivors (4096K)
 Metaspace       used 20584K, capacity 21141K, committed 21296K, reserved 1069056K
  class space    used 2420K, capacity 2629K, committed 2688K, reserved 1048576K
}
Event: 3.701 GC heap before
{Heap before GC invocations=5 (full 0):
 garbage-first heap   total 131072K, used 72824K [0x0000000081a00000, 0x0000000100000000)
  region size 1024K, 69 young (70656K), 4 survivors (4096K)
 Metaspace       used 28691K, capacity 29588K, committed 29744K, reserved 1075200K
  class space    used 3504K, capacity 3865K, committed 3968K, reserved 1048576K
}
Event: 3.719 GC heap after
{Heap after GC invocations=6 (full 0):
 garbage-first heap   total 131072K, used 9959K [0x0000000081a00000, 0x0000000100000000)
  region size 1024K, 6 young (6144K), 6 survivors (6144K)
 Metaspace       used 28691K, capacity 29588K, committed 29744K, reserved 1075200K
  class space    used 3504K, capacity 3865K, committed 3968K, reserved 1048576K
}
Event: 4.760 GC heap before
{Heap before GC invocations=6 (full 0):
 garbage-first heap   total 131072K, used 58087K [0x0000000081a00000, 0x0000000100000000)
  region size 1024K, 54 young (55296K), 6 survivors (6144K)
 Metaspace       used 34633K, capacity 35783K, committed 35888K, reserved 1081344K
  class space    used 4269K, capacity 4723K, committed 4736K, reserved 1048576K
}
Event: 4.778 GC heap after
{Heap after GC invocations=7 (full 0):
 garbage-first heap   total 157696K, used 13042K [0x0000000081a00000, 0x0000000100000000)
  region size 1024K, 8 young (8192K), 8 survivors (8192K)
 Metaspace       used 34633K, capacity 35783K, committed 35888K, reserved 1081344K
  class space    used 4269K, capacity 4723K, committed 4736K, reserved 1048576K
}

Deoptimization events (0 events):
No events

Classes redefined (0 events):
No events

Internal exceptions (10 events):
Event: 5.070 Thread 0x00000000004ae000 Exception <a 'java/lang/ClassNotFoundException'{0x000000008a0b9500}: org/springframework/context/ResourceLoaderAwareCustomizer> (0x000000008a0b9500) thrown at [t:/workspace/open/src/hotspot/share/classfile/systemDictionary.cpp, line 231]
Event: 5.070 Thread 0x00000000004ae000 Exception <a 'java/lang/ClassNotFoundException'{0x000000008a0c1e80}: org/springframework/beans/factory/AwareCustomizer> (0x000000008a0c1e80) thrown at [t:/workspace/open/src/hotspot/share/classfile/systemDictionary.cpp, line 231]
Event: 5.070 Thread 0x00000000004ae000 Exception <a 'java/lang/ClassNotFoundException'{0x000000008a0caa50}: org/springframework/context/ApplicationContextAwareCustomizer> (0x000000008a0caa50) thrown at [t:/workspace/open/src/hotspot/share/classfile/systemDictionary.cpp, line 231]
Event: 5.071 Thread 0x00000000004ae000 Exception <a 'java/lang/ClassNotFoundException'{0x000000008a0d3d60}: org/springframework/beans/factory/AwareCustomizer> (0x000000008a0d3d60) thrown at [t:/workspace/open/src/hotspot/share/classfile/systemDictionary.cpp, line 231]
Event: 5.071 Thread 0x00000000004ae000 Exception <a 'java/lang/ClassNotFoundException'{0x000000008a0dc908}: org/springframework/web/context/ServletContextAwareCustomizer> (0x000000008a0dc908) thrown at [t:/workspace/open/src/hotspot/share/classfile/systemDictionary.cpp, line 231]
Event: 5.072 Thread 0x00000000004ae000 Exception <a 'java/lang/ClassNotFoundException'{0x000000008a0e56f0}: org/springframework/beans/factory/AwareCustomizer> (0x000000008a0e56f0) thrown at [t:/workspace/open/src/hotspot/share/classfile/systemDictionary.cpp, line 231]
Event: 5.173 Thread 0x00000000004ae000 Exception <a 'java/lang/NoSuchMethodError'{0x0000000089af3340}: java.lang.invoke.DirectMethodHandle$Holder.invokeVirtual(Ljava/lang/Object;Ljava/lang/Object;I)V> (0x0000000089af3340) thrown at [t:/workspace/open/src/hotspot/share/interpreter/linkResolver.
Event: 5.291 Thread 0x00000000004ae000 Exception <a 'java/lang/NoSuchMethodError'{0x00000000894a4110}: java.lang.invoke.DirectMethodHandle$Holder.invokeInterface(Ljava/lang/Object;Ljava/lang/Object;Ljava/lang/Object;)Ljava/lang/Object;> (0x00000000894a4110) thrown at [t:/workspace/open/src/hot
Event: 5.291 Thread 0x00000000004ae000 Exception <a 'java/lang/IncompatibleClassChangeError'{0x00000000894a7098}: Found class java.lang.Object, but interface was expected> (0x00000000894a7098) thrown at [t:/workspace/open/src/hotspot/share/interpreter/linkResolver.cpp, line 838]
Event: 5.324 Thread 0x00000000004ae000 Exception <a 'java/lang/NoSuchMethodError'{0x000000008922e9a8}: java.lang.invoke.DirectMethodHandle$Holder.invokeStaticInit(Ljava/lang/Object;Ljava/lang/Object;Ljava/lang/Object;Ljava/lang/Object;)I> (0x000000008922e9a8) thrown at [t:/workspace/open/src/h

Events (10 events):
Event: 59.772 Executing VM operation: GetFrameCount
Event: 59.772 Executing VM operation: GetFrameCount done
Event: 59.772 Executing VM operation: SetFramePop
Event: 59.772 Executing VM operation: SetFramePop done
Event: 59.772 Executing VM operation: GetFrameLocation
Event: 59.772 Executing VM operation: GetFrameLocation done
Event: 59.773 Executing VM operation: GetCurrentLocation
Event: 59.773 Executing VM operation: GetCurrentLocation done
Event: 59.773 Executing VM operation: ChangeSingleStep
Event: 59.773 Executing VM operation: ChangeSingleStep done


Dynamic libraries:
0x000000013f8c0000 - 0x000000013f907000 	C:\Program Files\Java\jdk-11.0.6\bin\java.exe
0x0000000077460000 - 0x00000000775ff000 	C:\Windows\SYSTEM32\ntdll.dll
0x0000000077340000 - 0x000000007745f000 	C:\Windows\system32\kernel32.dll
0x000007fefd580000 - 0x000007fefd5e7000 	C:\Windows\system32\KERNELBASE.dll
0x000007fefe190000 - 0x000007fefe26b000 	C:\Windows\system32\ADVAPI32.dll
0x000007fefd9b0000 - 0x000007fefda4f000 	C:\Windows\system32\msvcrt.dll
0x000007fefde00000 - 0x000007fefde1f000 	C:\Windows\SYSTEM32\sechost.dll
0x000007fefdf00000 - 0x000007fefe02c000 	C:\Windows\system32\RPCRT4.dll
0x0000000077240000 - 0x000000007733b000 	C:\Windows\system32\USER32.dll
0x000007fefdd50000 - 0x000007fefddb7000 	C:\Windows\system32\GDI32.dll
0x000007fefdef0000 - 0x000007fefdefe000 	C:\Windows\system32\LPK.dll
0x000007fefde20000 - 0x000007fefdeeb000 	C:\Windows\system32\USP10.dll
0x000007fefb570000 - 0x000007fefb765000 	C:\Windows\WinSxS\amd64_microsoft.windows.common-controls_6595b64144ccf1df_6.0.7601.24483_none_e372d88f30fbb845\COMCTL32.dll
0x000007fefe030000 - 0x000007fefe0a1000 	C:\Windows\system32\SHLWAPI.dll
0x000007fefc5f0000 - 0x000007fefc5fc000 	C:\Windows\system32\VERSION.dll
0x000007fefddd0000 - 0x000007fefddfe000 	C:\Windows\system32\IMM32.DLL
0x000007feff560000 - 0x000007feff66b000 	C:\Windows\system32\MSCTF.dll
0x000007fefc5e0000 - 0x000007fefc5e3000 	C:\Windows\system32\api-ms-win-core-synch-l1-2-0.DLL
0x000007feeeb70000 - 0x000007feeeb86000 	C:\Program Files\Java\jdk-11.0.6\bin\vcruntime140.dll
0x000007feef270000 - 0x000007feef274000 	C:\Program Files\Java\jdk-11.0.6\bin\api-ms-win-crt-runtime-l1-1-0.dll
0x000007feed8d0000 - 0x000007feed9c6000 	C:\Program Files\Java\jdk-11.0.6\bin\ucrtbase.DLL
0x000007feee4e0000 - 0x000007feee4e3000 	C:\Program Files\Java\jdk-11.0.6\bin\api-ms-win-core-localization-l1-2-0.dll
0x000007feee4d0000 - 0x000007feee4d3000 	C:\Program Files\Java\jdk-11.0.6\bin\api-ms-win-core-processthreads-l1-1-1.dll
0x000007feee4c0000 - 0x000007feee4c3000 	C:\Program Files\Java\jdk-11.0.6\bin\api-ms-win-core-file-l1-2-0.dll
0x000007feee4b0000 - 0x000007feee4b3000 	C:\Program Files\Java\jdk-11.0.6\bin\api-ms-win-core-timezone-l1-1-0.dll
0x000007feee4a0000 - 0x000007feee4a3000 	C:\Program Files\Java\jdk-11.0.6\bin\api-ms-win-core-file-l2-1-0.dll
0x000007feee490000 - 0x000007feee494000 	C:\Program Files\Java\jdk-11.0.6\bin\api-ms-win-crt-string-l1-1-0.dll
0x000007feee480000 - 0x000007feee483000 	C:\Program Files\Java\jdk-11.0.6\bin\api-ms-win-crt-heap-l1-1-0.dll
0x000007feee470000 - 0x000007feee474000 	C:\Program Files\Java\jdk-11.0.6\bin\api-ms-win-crt-stdio-l1-1-0.dll
0x000007feee450000 - 0x000007feee454000 	C:\Program Files\Java\jdk-11.0.6\bin\api-ms-win-crt-convert-l1-1-0.dll
0x000007feed820000 - 0x000007feed8ca000 	C:\Program Files\Java\jdk-11.0.6\bin\msvcp140.dll
0x000007feee440000 - 0x000007feee443000 	C:\Program Files\Java\jdk-11.0.6\bin\api-ms-win-crt-locale-l1-1-0.dll
0x000007feed810000 - 0x000007feed815000 	C:\Program Files\Java\jdk-11.0.6\bin\api-ms-win-crt-math-l1-1-0.dll
0x000007feed800000 - 0x000007feed805000 	C:\Program Files\Java\jdk-11.0.6\bin\api-ms-win-crt-multibyte-l1-1-0.dll
0x000007feed7f0000 - 0x000007feed7f3000 	C:\Program Files\Java\jdk-11.0.6\bin\api-ms-win-crt-time-l1-1-0.dll
0x000007feed7e0000 - 0x000007feed7e3000 	C:\Program Files\Java\jdk-11.0.6\bin\api-ms-win-crt-filesystem-l1-1-0.dll
0x000007feed7d0000 - 0x000007feed7d3000 	C:\Program Files\Java\jdk-11.0.6\bin\api-ms-win-crt-environment-l1-1-0.dll
0x000007feed7c0000 - 0x000007feed7c3000 	C:\Program Files\Java\jdk-11.0.6\bin\api-ms-win-crt-utility-l1-1-0.dll
0x000007feeb260000 - 0x000007feebd89000 	C:\Program Files\Java\jdk-11.0.6\bin\server\jvm.dll
0x000007fef86e0000 - 0x000007fef86e9000 	C:\Windows\system32\WSOCK32.dll
0x000007fefd760000 - 0x000007fefd7ad000 	C:\Windows\system32\WS2_32.dll
0x000007fefddc0000 - 0x000007fefddc8000 	C:\Windows\system32\NSI.dll
0x000007fefa250000 - 0x000007fefa28b000 	C:\Windows\system32\WINMM.dll
0x0000000077600000 - 0x0000000077607000 	C:\Windows\system32\PSAPI.DLL
0x000007feed7a0000 - 0x000007feed7b1000 	C:\Program Files\Java\jdk-11.0.6\bin\verify.dll
0x000007fee89d0000 - 0x000007fee8af5000 	C:\Windows\system32\DBGHELP.DLL
0x000007feed770000 - 0x000007feed799000 	C:\Program Files\Java\jdk-11.0.6\bin\java.dll
0x000007feef7a0000 - 0x000007feef7d7000 	C:\Program Files\Java\jdk-11.0.6\bin\jdwp.dll
0x000007feef770000 - 0x000007feef79f000 	C:\Program Files\Java\jdk-11.0.6\bin\instrument.dll
0x000007feed750000 - 0x000007feed766000 	C:\Program Files\Java\jdk-11.0.6\bin\zip.dll
0x000007feed740000 - 0x000007feed74a000 	C:\Program Files\Java\jdk-11.0.6\bin\jimage.dll
0x000007fefe5f0000 - 0x000007feff37b000 	C:\Windows\system32\SHELL32.dll
0x000007fefd7b0000 - 0x000007fefd9af000 	C:\Windows\system32\ole32.dll
0x000007fefd350000 - 0x000007fefd35f000 	C:\Windows\system32\profapi.dll
0x000007fefac90000 - 0x000007fefac9a000 	C:\Program Files\Java\jdk-11.0.6\bin\dt_socket.dll
0x000007fefcb30000 - 0x000007fefcb85000 	C:\Windows\system32\mswsock.dll
0x000007fefc030000 - 0x000007fefc037000 	C:\Windows\System32\wshtcpip.dll
0x000007feed710000 - 0x000007feed729000 	C:\Program Files\Java\jdk-11.0.6\bin\net.dll
0x000007fef6030000 - 0x000007fef60a1000 	C:\Windows\system32\WINHTTP.dll
0x000007fef5f70000 - 0x000007fef5fd4000 	C:\Windows\system32\webio.dll
0x000007fefcb20000 - 0x000007fefcb27000 	C:\Windows\System32\wship6.dll
0x000007feed2f0000 - 0x000007feed303000 	C:\Program Files\Java\jdk-11.0.6\bin\nio.dll
0x000007fefc9b0000 - 0x000007fefca0b000 	C:\Windows\system32\DNSAPI.dll
0x000007fefa070000 - 0x000007fefa097000 	C:\Windows\system32\IPHLPAPI.DLL
0x000007fefa060000 - 0x000007fefa06b000 	C:\Windows\system32\WINNSI.DLL
0x000007fef4c80000 - 0x000007fef4c88000 	C:\Windows\system32\rasadhlp.dll
0x000007fef8290000 - 0x000007fef82e3000 	C:\Windows\System32\fwpuclnt.dll
0x000007feecfc0000 - 0x000007feecfc9000 	C:\Program Files\Java\jdk-11.0.6\bin\management.dll
0x000007feed2e0000 - 0x000007feed2ec000 	C:\Program Files\Java\jdk-11.0.6\bin\management_ext.dll
0x000007fefcb90000 - 0x000007fefcba8000 	C:\Windows\system32\CRYPTSP.dll
0x000007fefc870000 - 0x000007fefc8b7000 	C:\Windows\system32\rsaenh.dll
0x000007fefc960000 - 0x000007fefc97f000 	C:\Windows\system32\USERENV.dll
0x000007fefd280000 - 0x000007fefd28f000 	C:\Windows\system32\CRYPTBASE.dll
0x000007fef7fa0000 - 0x000007fef7fb8000 	C:\Windows\system32\dhcpcsvc.DLL
0x000007fef7ef0000 - 0x000007fef7f01000 	C:\Windows\system32\dhcpcsvc6.DLL
0x000007fefae70000 - 0x000007fefae85000 	C:\Windows\system32\NLAapi.dll
0x000007fef4520000 - 0x000007fef4535000 	C:\Windows\system32\napinsp.dll
0x000007fef4500000 - 0x000007fef4519000 	C:\Windows\system32\pnrpnsp.dll
0x000007fef44f0000 - 0x000007fef4500000 	C:\Windows\system32\wshbth.dll
0x000007fef3400000 - 0x000007fef340b000 	C:\Windows\System32\winrnr.dll
0x000007fef44c0000 - 0x000007fef44eb000 	C:\Program Files\Java\jdk-11.0.6\bin\Jpcap.dll
0x0000000180000000 - 0x0000000180065000 	C:\Windows\system32\wpcap.dll
0x0000000002100000 - 0x000000000211f000 	C:\Windows\system32\packet.dll

dbghelp: loaded successfully - version: 4.0.5 - missing functions: none
symbol engine: initialized successfully - sym options: 0x614 - pdb path: .;C:\Program Files\Java\jdk-11.0.6\bin;C:\Windows\SYSTEM32;C:\Windows\WinSxS\amd64_microsoft.windows.common-controls_6595b64144ccf1df_6.0.7601.24483_none_e372d88f30fbb845;C:\Program Files\Java\jdk-11.0.6\bin\server

VM Arguments:
jvm_args: -agentlib:jdwp=transport=dt_socket,address=127.0.0.1:3001,suspend=y,server=n -XX:TieredStopAtLevel=1 -Xverify:none -Dspring.output.ansi.enabled=always -Dcom.sun.management.jmxremote -Dspring.jmx.enabled=true -Dspring.liveBeansView.mbeanDomain -Dspring.application.admin.enabled=true -javaagent:C:\Users\zsh\.IntelliJIdea2019.3\system\captureAgent\debugger-agent.jar -Dfile.encoding=UTF-8 
java_command: com.database.dept0319.Dept0319Application
java_class_path (initial): D:\javastudy\dept0319\target\classes;D:\java\apache-maven-3.6.3\test\org\springframework\boot\spring-boot-starter-thymeleaf\2.2.4.RELEASE\spring-boot-starter-thymeleaf-2.2.4.RELEASE.jar;D:\java\apache-maven-3.6.3\test\org\springframework\boot\spring-boot-starter\2.2.4.RELEASE\spring-boot-starter-2.2.4.RELEASE.jar;D:\java\apache-maven-3.6.3\test\org\springframework\boot\spring-boot\2.2.4.RELEASE\spring-boot-2.2.4.RELEASE.jar;D:\java\apache-maven-3.6.3\test\org\springframework\boot\spring-boot-autoconfigure\2.2.4.RELEASE\spring-boot-autoconfigure-2.2.4.RELEASE.jar;D:\java\apache-maven-3.6.3\test\org\springframework\boot\spring-boot-starter-logging\2.2.4.RELEASE\spring-boot-starter-logging-2.2.4.RELEASE.jar;D:\java\apache-maven-3.6.3\test\ch\qos\logback\logback-classic\1.2.3\logback-classic-1.2.3.jar;D:\java\apache-maven-3.6.3\test\ch\qos\logback\logback-core\1.2.3\logback-core-1.2.3.jar;D:\java\apache-maven-3.6.3\test\org\apache\logging\log4j\log4j-to-slf4j\2.12.1\log4j-to-slf4j-2.12.1.jar;D:\java\apache-maven-3.6.3\test\org\apache\logging\log4j\log4j-api\2.12.1\log4j-api-2.12.1.jar;D:\java\apache-maven-3.6.3\test\org\slf4j\jul-to-slf4j\1.7.30\jul-to-slf4j-1.7.30.jar;D:\java\apache-maven-3.6.3\test\jakarta\annotation\jakarta.annotation-api\1.3.5\jakarta.annotation-api-1.3.5.jar;D:\java\apache-maven-3.6.3\test\org\yaml\snakeyaml\1.25\snakeyaml-1.25.jar;D:\java\apache-maven-3.6.3\test\org\thymeleaf\thymeleaf-spring5\3.0.11.RELEASE\thymeleaf-spring5-3.0.11.RELEASE.jar;D:\java\apache-maven-3.6.3\test\org\thymeleaf\thymeleaf\3.0.11.RELEASE\thymeleaf-3.0.11.RELEASE.jar;D:\java\apache-maven-3.6.3\test\org\attoparser\attoparser\2.0.5.RELEASE\attoparser-2.0.5.RELEASE.jar;D:\java\apache-maven-3.6.3\test\org\unbescape\unbescape\1.1.6.RELEASE\unbescape-1.1.6.RELEASE.jar;D:\java\apache-maven-3.6.3\test\org\slf4j\slf4j-api\1.7.30\slf4j-api-1.7.30.jar;D:\java\apache-maven-3.6.3\test\org\thymeleaf\extras\thymeleaf-extras-java8time\3.0.4.RELEASE\thymeleaf-
Launcher Type: SUN_STANDARD

[Global flags]
     bool BytecodeVerificationLocal                = false                                     {product} {command line}
     bool BytecodeVerificationRemote               = false                                     {product} {command line}
     intx CICompilerCount                          = 3                                         {product} {ergonomic}
     uint ConcGCThreads                            = 1                                         {product} {ergonomic}
     uint G1ConcRefinementThreads                  = 4                                         {product} {ergonomic}
   size_t G1HeapRegionSize                         = 1048576                                   {product} {ergonomic}
    uintx GCDrainStackTargetSize                   = 64                                        {product} {ergonomic}
   size_t InitialHeapSize                          = 134217728                                 {product} {ergonomic}
     bool ManagementServer                         = true                                      {product} {command line}
   size_t MarkStackSize                            = 4194304                                   {product} {ergonomic}
   size_t MaxHeapSize                              = 2120220672                                {product} {ergonomic}
   size_t MaxNewSize                               = 1271922688                                {product} {ergonomic}
   size_t MinHeapDeltaBytes                        = 1048576                                   {product} {ergonomic}
    uintx NonNMethodCodeHeapSize                   = 6973028                                {pd product} {ergonomic}
    uintx NonProfiledCodeHeapSize                  = 244685212                              {pd product} {ergonomic}
    uintx ProfiledCodeHeapSize                     = 0                                      {pd product} {ergonomic}
    uintx ReservedCodeCacheSize                    = 251658240                              {pd product} {ergonomic}
     bool SegmentedCodeCache                       = true                                      {product} {ergonomic}
     intx TieredStopAtLevel                        = 1                                         {product} {command line}
     bool UseCompressedClassPointers               = true                                 {lp64_product} {ergonomic}
     bool UseCompressedOops                        = true                                 {lp64_product} {ergonomic}
     bool UseG1GC                                  = true                                      {product} {ergonomic}
     bool UseLargePagesIndividualAllocation        = false                                  {pd product} {ergonomic}

Logging:
Log output configuration:
 #0: stdout all=warning uptime,level,tags
 #1: stderr all=off uptime,level,tags

Environment Variables:
JAVA_HOME=C:\Program Files\Java\jdk-11.0.6
PATH=C:\Windows\system32;C:\Windows;C:\Windows\System32\Wbem;C:\Windows\System32\WindowsPowerShell\v1.0\;C:\Program Files\Java\jdk-11.0.6\bin;D:\java\apache-maven-3.6.3\bin;C:\Program Files\Git\cmd;C:\Program Files (x86)\MySQL\MySQL Server 5.5\bin;C:\Program Files (x86)\NVIDIA Corporation\PhysX\Common;C:\Program Files\NVIDIA Corporation\NVIDIA NvDLISR;;C:\Program Files\Docker Toolbox
USERNAME=zsh
OS=Windows_NT
PROCESSOR_IDENTIFIER=Intel64 Family 6 Model 60 Stepping 3, GenuineIntel



---------------  S Y S T E M  ---------------

OS: Windows 7 , 64 bit Build 7601 (6.1.7601.24545)

CPU:total 4 (initial active 4) (2 cores per cpu, 2 threads per core) family 6 model 60 stepping 3, cmov, cx8, fxsr, mmx, sse, sse2, sse3, ssse3, sse4.1, sse4.2, popcnt, avx, avx2, aes, clmul, erms, lzcnt, ht, tsc, tscinvbit, bmi1, bmi2, fma

Memory: 4k page, system-wide physical 8087M (3193M free)
TotalPageFile size 16172M (AvailPageFile size 10165M)
current process WorkingSet (physical memory assigned to process): 206M, peak: 206M
current process commit charge ("private bytes"): 295M, peak: 295M

vm_info: Java HotSpot(TM) 64-Bit Server VM (11.0.6+8-LTS) for windows-amd64 JRE (11.0.6+8-LTS), built on Dec 11 2019 09:17:57 by "mach5one" with MS VC++ 15.5 (VS2017)

END.
